#
# There is insufficient memory for the Java Runtime Environment to continue.
# Native memory allocation (malloc) failed to allocate 1471216 bytes for Chunk::new
# Possible reasons:
#   The system is out of physical RAM or swap space
#   The process is running with CompressedOops enabled, and the Java Heap may be blocking the growth of the native heap
# Possible solutions:
#   Reduce memory load on the system
#   Increase physical memory or swap space
#   Check if swap backing store is full
#   Decrease Java heap size (-Xmx/-Xms)
#   Decrease number of Java threads
#   Decrease Java thread stack sizes (-Xss)
#   Set larger code cache with -XX:ReservedCodeCacheSize=
#   JVM is running with Unscaled Compressed Oops mode in which the Java heap is
#     placed in the first 4GB address space. The Java Heap base address is the
#     maximum limit for the native heap growth. Please use -XX:HeapBaseMinAddress
#     to set the Java Heap base and to place the Java Heap above 4GB virtual address.
# This output file may be truncated or incomplete.
#
#  Out of Memory Error (./src/hotspot/share/memory/arena.cpp:197), pid=9916, tid=6800
#
# JRE version: OpenJDK Runtime Environment (11.0.12+7) (build 11.0.12+7-b1504.28-7817840)
# Java VM: OpenJDK 64-Bit Server VM (11.0.12+7-b1504.28-7817840, mixed mode, tiered, compressed oops, g1 gc, windows-amd64)
# No core dump will be written. Minidumps are not enabled by default on client versions of Windows
#

---------------  S U M M A R Y ------------

Command Line: org.jetbrains.kotlin.cli.jvm.K2JVMCompiler @F:\NeobisProjects\FigmaDoctor\app\build\20220928_14032684336456204896.compiler.options

Host: Intel(R) Core(TM) i3-7020U CPU @ 2.30GHz, 4 cores, 7G,  Windows 10 , 64 bit Build 18362 (10.0.18362.86)
Time: Wed Sep 28 17:29:41 2022 Oaio?aeuiay Acey (ceia) elapsed time: 8.582873 seconds (0d 0h 0m 8s)

---------------  T H R E A D  ---------------

Current thread (0x000001916bed2000):  JavaThread "C2 CompilerThread0" daemon [_thread_in_native, id=6800, stack(0x00000049b6700000,0x00000049b6800000)]


Current CompileTask:
C2:   8582 5792       4       org.jetbrains.kotlin.types.TypeUtils::contains (336 bytes)

Stack: [0x00000049b6700000,0x00000049b6800000]
Native frames: (J=compiled Java code, j=interpreted, Vv=VM code, C=native code)
V  [jvm.dll+0x5fbcea]
V  [jvm.dll+0x731905]
V  [jvm.dll+0x732f1d]
V  [jvm.dll+0x7335d3]
V  [jvm.dll+0x247bf8]
V  [jvm.dll+0xc018c]
V  [jvm.dll+0xc06cc]
V  [jvm.dll+0x35b2db]
V  [jvm.dll+0x328803]
V  [jvm.dll+0x327cfa]
V  [jvm.dll+0x200602]
V  [jvm.dll+0x1ff794]
V  [jvm.dll+0x18868c]
V  [jvm.dll+0x20e0d7]
V  [jvm.dll+0x20c901]
V  [jvm.dll+0x6f9b7f]
V  [jvm.dll+0x6f26a5]
V  [jvm.dll+0x5fabf6]
C  [ucrtbase.dll+0x1d912]
C  [KERNEL32.DLL+0x17bd4]
C  [ntdll.dll+0x6ce71]


---------------  P R O C E S S  ---------------

Threads class SMR info:
_java_thread_list=0x0000019170e1f0b0, length=11, elements={
0x00000191519eb800, 0x000001916b54a800, 0x000001916b54c800, 0x000001916beca000,
0x000001916becb000, 0x000001916becc800, 0x000001916bed2000, 0x000001916b569800,
0x000001916bef4000, 0x000001916c035000, 0x0000019170ed8000
}

Java Threads: ( => current thread )
  0x00000191519eb800 JavaThread "main" [_thread_in_Java, id=9788, stack(0x00000049b5b00000,0x00000049b5c00000)]
  0x000001916b54a800 JavaThread "Reference Handler" daemon [_thread_blocked, id=8220, stack(0x00000049b6200000,0x00000049b6300000)]
  0x000001916b54c800 JavaThread "Finalizer" daemon [_thread_blocked, id=9632, stack(0x00000049b6300000,0x00000049b6400000)]
  0x000001916beca000 JavaThread "Signal Dispatcher" daemon [_thread_blocked, id=2496, stack(0x00000049b6400000,0x00000049b6500000)]
  0x000001916becb000 JavaThread "Attach Listener" daemon [_thread_blocked, id=9528, stack(0x00000049b6500000,0x00000049b6600000)]
  0x000001916becc800 JavaThread "Service Thread" daemon [_thread_blocked, id=7272, stack(0x00000049b6600000,0x00000049b6700000)]
=>0x000001916bed2000 JavaThread "C2 CompilerThread0" daemon [_thread_in_native, id=6800, stack(0x00000049b6700000,0x00000049b6800000)]
  0x000001916b569800 JavaThread "C1 CompilerThread0" daemon [_thread_in_native, id=2884, stack(0x00000049b6800000,0x00000049b6900000)]
  0x000001916bef4000 JavaThread "Sweeper thread" daemon [_thread_blocked, id=3660, stack(0x00000049b6900000,0x00000049b6a00000)]
  0x000001916c035000 JavaThread "Common-Cleaner" daemon [_thread_blocked, id=8228, stack(0x00000049b6b00000,0x00000049b6c00000)]
  0x0000019170ed8000 JavaThread "C2 CompilerThread1" daemon [_thread_in_native, id=1324, stack(0x00000049b6c00000,0x00000049b6d00000)]

Other Threads:
  0x000001916b525800 VMThread "VM Thread" [stack: 0x00000049b6100000,0x00000049b6200000] [id=9300]
  0x000001916c030800 WatcherThread [stack: 0x00000049b6a00000,0x00000049b6b00000] [id=8948]
  0x0000019151a03800 GCTaskThread "GC Thread#0" [stack: 0x00000049b5c00000,0x00000049b5d00000] [id=9832]
  0x000001916c4ba800 GCTaskThread "GC Thread#1" [stack: 0x00000049b6d00000,0x00000049b6e00000] [id=2924]
  0x000001916c485000 GCTaskThread "GC Thread#2" [stack: 0x00000049b6e00000,0x00000049b6f00000] [id=9536]
  0x0000019151a37800 ConcurrentGCThread "G1 Main Marker" [stack: 0x00000049b5d00000,0x00000049b5e00000] [id=7736]
  0x0000019151a39000 ConcurrentGCThread "G1 Conc#0" [stack: 0x00000049b5e00000,0x00000049b5f00000] [id=7876]
  0x000001916b390800 ConcurrentGCThread "G1 Refine#0" [stack: 0x00000049b5f00000,0x00000049b6000000] [id=9320]
  0x000001916b391800 ConcurrentGCThread "G1 Young RemSet Sampling" [stack: 0x00000049b6000000,0x00000049b6100000] [id=7548]

Threads with active compile tasks:
C2 CompilerThread0   8596 5792       4       org.jetbrains.kotlin.types.TypeUtils::contains (336 bytes)
C1 CompilerThread0   8596 5934       3       org.jetbrains.kotlin.psi.psiUtil.PsiUtilsKt::getTextRangeWithoutComments (47 bytes)
C2 CompilerThread1   8596 5947       4       org.jetbrains.kotlin.load.java.lazy.LazyJavaAnnotations::findAnnotation (74 bytes)

VM state:not at safepoint (normal execution)

VM Mutex/Monitor currently owned by a thread: None

Heap address: 0x0000000081400000, size: 2028 MB, Compressed Oops mode: 32-bit
Narrow klass base: 0x0000000000000000, Narrow klass shift: 3
Compressed class space size: 1073741824 Address: 0x0000000100000000

Heap:
 garbage-first heap   total 158720K, used 45056K [0x0000000081400000, 0x0000000100000000)
  region size 1024K, 9 young (9216K), 7 survivors (7168K)
 Metaspace       used 58991K, capacity 59570K, committed 59776K, reserved 1101824K
  class space    used 6717K, capacity 6938K, committed 7040K, reserved 1048576K
Heap Regions: E=young(eden), S=young(survivor), O=old, HS=humongous(starts), HC=humongous(continues), CS=collection set, F=free, A=archive, TAMS=top-at-mark-start (previous, next)
|   0|0x0000000081400000, 0x0000000081500000, 0x0000000081500000|100%|HS|  |TAMS 0x0000000081500000, 0x0000000081400000| Complete 
|   1|0x0000000081500000, 0x0000000081600000, 0x0000000081600000|100%|HC|  |TAMS 0x0000000081600000, 0x0000000081500000| Complete 
|   2|0x0000000081600000, 0x0000000081700000, 0x0000000081700000|100%|HC|  |TAMS 0x0000000081700000, 0x0000000081600000| Complete 
|   3|0x0000000081700000, 0x0000000081800000, 0x0000000081800000|100%| O|  |TAMS 0x0000000081800000, 0x0000000081700000| Untracked 
|   4|0x0000000081800000, 0x0000000081900000, 0x0000000081900000|100%| O|  |TAMS 0x0000000081900000, 0x0000000081800000| Untracked 
|   5|0x0000000081900000, 0x0000000081a00000, 0x0000000081a00000|100%|HS|  |TAMS 0x0000000081a00000, 0x0000000081900000| Complete 
|   6|0x0000000081a00000, 0x0000000081b00000, 0x0000000081b00000|100%|HC|  |TAMS 0x0000000081b00000, 0x0000000081a00000| Complete 
|   7|0x0000000081b00000, 0x0000000081c00000, 0x0000000081c00000|100%|HC|  |TAMS 0x0000000081c00000, 0x0000000081b00000| Complete 
|   8|0x0000000081c00000, 0x0000000081d00000, 0x0000000081d00000|100%|HS|  |TAMS 0x0000000081d00000, 0x0000000081c00000| Complete 
|   9|0x0000000081d00000, 0x0000000081e00000, 0x0000000081e00000|100%|HC|  |TAMS 0x0000000081e00000, 0x0000000081d00000| Complete 
|  10|0x0000000081e00000, 0x0000000081f00000, 0x0000000081f00000|100%| O|  |TAMS 0x0000000081f00000, 0x0000000081e00000| Untracked 
|  11|0x0000000081f00000, 0x0000000082000000, 0x0000000082000000|100%| O|  |TAMS 0x0000000082000000, 0x0000000081f00000| Untracked 
|  12|0x0000000082000000, 0x0000000082100000, 0x0000000082100000|100%| O|  |TAMS 0x0000000082100000, 0x0000000082000000| Untracked 
|  13|0x0000000082100000, 0x0000000082200000, 0x0000000082200000|100%| O|  |TAMS 0x0000000082200000, 0x0000000082100000| Untracked 
|  14|0x0000000082200000, 0x0000000082300000, 0x0000000082300000|100%| O|  |TAMS 0x0000000082300000, 0x0000000082200000| Untracked 
|  15|0x0000000082300000, 0x0000000082400000, 0x0000000082400000|100%| O|  |TAMS 0x0000000082400000, 0x0000000082300000| Untracked 
|  16|0x0000000082400000, 0x0000000082500000, 0x0000000082500000|100%| O|  |TAMS 0x0000000082500000, 0x0000000082400000| Untracked 
|  17|0x0000000082500000, 0x0000000082600000, 0x0000000082600000|100%| O|  |TAMS 0x0000000082600000, 0x0000000082500000| Untracked 
|  18|0x0000000082600000, 0x0000000082700000, 0x0000000082700000|100%| O|  |TAMS 0x0000000082700000, 0x0000000082600000| Untracked 
|  19|0x0000000082700000, 0x0000000082800000, 0x0000000082800000|100%| O|  |TAMS 0x00000000827b7600, 0x0000000082700000| Untracked 
|  20|0x0000000082800000, 0x0000000082900000, 0x0000000082900000|100%| O|  |TAMS 0x0000000082800000, 0x0000000082800000| Untracked 
|  21|0x0000000082900000, 0x0000000082a00000, 0x0000000082a00000|100%| O|  |TAMS 0x0000000082900000, 0x0000000082900000| Untracked 
|  22|0x0000000082a00000, 0x0000000082b00000, 0x0000000082b00000|100%| O|  |TAMS 0x0000000082a00000, 0x0000000082a00000| Untracked 
|  23|0x0000000082b00000, 0x0000000082c00000, 0x0000000082c00000|100%| O|  |TAMS 0x0000000082b00000, 0x0000000082b00000| Untracked 
|  24|0x0000000082c00000, 0x0000000082d00000, 0x0000000082d00000|100%| O|  |TAMS 0x0000000082c00000, 0x0000000082c00000| Untracked 
|  25|0x0000000082d00000, 0x0000000082e00000, 0x0000000082e00000|100%| O|  |TAMS 0x0000000082d00000, 0x0000000082d00000| Untracked 
|  26|0x0000000082e00000, 0x0000000082f00000, 0x0000000082f00000|100%| O|  |TAMS 0x0000000082e00000, 0x0000000082e00000| Untracked 
|  27|0x0000000082f00000, 0x0000000083000000, 0x0000000083000000|100%| O|  |TAMS 0x0000000082f00000, 0x0000000082f00000| Untracked 
|  28|0x0000000083000000, 0x0000000083100000, 0x0000000083100000|100%| O|  |TAMS 0x0000000083000000, 0x0000000083000000| Untracked 
|  29|0x0000000083100000, 0x0000000083200000, 0x0000000083200000|100%| O|  |TAMS 0x0000000083100000, 0x0000000083100000| Untracked 
|  30|0x0000000083200000, 0x0000000083300000, 0x0000000083300000|100%| O|  |TAMS 0x0000000083200000, 0x0000000083200000| Untracked 
|  31|0x0000000083300000, 0x0000000083400000, 0x0000000083400000|100%| O|  |TAMS 0x0000000083300000, 0x0000000083300000| Untracked 
|  32|0x0000000083400000, 0x0000000083500000, 0x0000000083500000|100%| O|  |TAMS 0x0000000083400000, 0x0000000083400000| Untracked 
|  33|0x0000000083500000, 0x0000000083600000, 0x0000000083600000|100%| O|  |TAMS 0x0000000083500000, 0x0000000083500000| Untracked 
|  34|0x0000000083600000, 0x0000000083700000, 0x0000000083700000|100%| O|  |TAMS 0x0000000083600000, 0x0000000083600000| Untracked 
|  35|0x0000000083700000, 0x0000000083800000, 0x0000000083800000|100%| O|  |TAMS 0x0000000083700000, 0x0000000083700000| Untracked 
|  36|0x0000000083800000, 0x0000000083800000, 0x0000000083900000|  0%| F|  |TAMS 0x0000000083800000, 0x0000000083800000| Untracked 
|  37|0x0000000083900000, 0x0000000083900000, 0x0000000083a00000|  0%| F|  |TAMS 0x0000000083900000, 0x0000000083900000| Untracked 
|  38|0x0000000083a00000, 0x0000000083a00000, 0x0000000083b00000|  0%| F|  |TAMS 0x0000000083a00000, 0x0000000083a00000| Untracked 
|  39|0x0000000083b00000, 0x0000000083b00000, 0x0000000083c00000|  0%| F|  |TAMS 0x0000000083b00000, 0x0000000083b00000| Untracked 
|  40|0x0000000083c00000, 0x0000000083c00000, 0x0000000083d00000|  0%| F|  |TAMS 0x0000000083c00000, 0x0000000083c00000| Untracked 
|  41|0x0000000083d00000, 0x0000000083d00000, 0x0000000083e00000|  0%| F|  |TAMS 0x0000000083d00000, 0x0000000083d00000| Untracked 
|  42|0x0000000083e00000, 0x0000000083e00000, 0x0000000083f00000|  0%| F|  |TAMS 0x0000000083e00000, 0x0000000083e00000| Untracked 
|  43|0x0000000083f00000, 0x0000000083f00000, 0x0000000084000000|  0%| F|  |TAMS 0x0000000083f00000, 0x0000000083f00000| Untracked 
|  44|0x0000000084000000, 0x0000000084000000, 0x0000000084100000|  0%| F|  |TAMS 0x0000000084000000, 0x0000000084000000| Untracked 
|  45|0x0000000084100000, 0x0000000084100000, 0x0000000084200000|  0%| F|  |TAMS 0x0000000084100000, 0x0000000084100000| Untracked 
|  46|0x0000000084200000, 0x0000000084200000, 0x0000000084300000|  0%| F|  |TAMS 0x0000000084200000, 0x0000000084200000| Untracked 
|  47|0x0000000084300000, 0x0000000084300000, 0x0000000084400000|  0%| F|  |TAMS 0x0000000084300000, 0x0000000084300000| Untracked 
|  48|0x0000000084400000, 0x0000000084400000, 0x0000000084500000|  0%| F|  |TAMS 0x0000000084400000, 0x0000000084400000| Untracked 
|  49|0x0000000084500000, 0x0000000084500000, 0x0000000084600000|  0%| F|  |TAMS 0x0000000084500000, 0x0000000084500000| Untracked 
|  50|0x0000000084600000, 0x0000000084600000, 0x0000000084700000|  0%| F|  |TAMS 0x0000000084600000, 0x0000000084600000| Untracked 
|  51|0x0000000084700000, 0x0000000084700000, 0x0000000084800000|  0%| F|  |TAMS 0x0000000084700000, 0x0000000084700000| Untracked 
|  52|0x0000000084800000, 0x0000000084800000, 0x0000000084900000|  0%| F|  |TAMS 0x0000000084800000, 0x0000000084800000| Untracked 
|  53|0x0000000084900000, 0x0000000084900000, 0x0000000084a00000|  0%| F|  |TAMS 0x0000000084900000, 0x0000000084900000| Untracked 
|  54|0x0000000084a00000, 0x0000000084a00000, 0x0000000084b00000|  0%| F|  |TAMS 0x0000000084a00000, 0x0000000084a00000| Untracked 
|  55|0x0000000084b00000, 0x0000000084b00000, 0x0000000084c00000|  0%| F|  |TAMS 0x0000000084b00000, 0x0000000084b00000| Untracked 
|  56|0x0000000084c00000, 0x0000000084c00000, 0x0000000084d00000|  0%| F|  |TAMS 0x0000000084c00000, 0x0000000084c00000| Untracked 
|  57|0x0000000084d00000, 0x0000000084d00000, 0x0000000084e00000|  0%| F|  |TAMS 0x0000000084d00000, 0x0000000084d00000| Untracked 
|  58|0x0000000084e00000, 0x0000000084e00000, 0x0000000084f00000|  0%| F|  |TAMS 0x0000000084e00000, 0x0000000084e00000| Untracked 
|  59|0x0000000084f00000, 0x0000000084f00000, 0x0000000085000000|  0%| F|  |TAMS 0x0000000084f00000, 0x0000000084f00000| Untracked 
|  60|0x0000000085000000, 0x0000000085000000, 0x0000000085100000|  0%| F|  |TAMS 0x0000000085000000, 0x0000000085000000| Untracked 
|  61|0x0000000085100000, 0x0000000085100000, 0x0000000085200000|  0%| F|  |TAMS 0x0000000085100000, 0x0000000085100000| Untracked 
|  62|0x0000000085200000, 0x0000000085200000, 0x0000000085300000|  0%| F|  |TAMS 0x0000000085200000, 0x0000000085200000| Untracked 
|  63|0x0000000085300000, 0x0000000085300000, 0x0000000085400000|  0%| F|  |TAMS 0x0000000085300000, 0x0000000085300000| Untracked 
|  64|0x0000000085400000, 0x0000000085400000, 0x0000000085500000|  0%| F|  |TAMS 0x0000000085400000, 0x0000000085400000| Untracked 
|  65|0x0000000085500000, 0x0000000085500000, 0x0000000085600000|  0%| F|  |TAMS 0x0000000085500000, 0x0000000085500000| Untracked 
|  66|0x0000000085600000, 0x0000000085600000, 0x0000000085700000|  0%| F|  |TAMS 0x0000000085600000, 0x0000000085600000| Untracked 
|  67|0x0000000085700000, 0x0000000085700000, 0x0000000085800000|  0%| F|  |TAMS 0x0000000085700000, 0x0000000085700000| Untracked 
|  68|0x0000000085800000, 0x0000000085800000, 0x0000000085900000|  0%| F|  |TAMS 0x0000000085800000, 0x0000000085800000| Untracked 
|  69|0x0000000085900000, 0x0000000085900000, 0x0000000085a00000|  0%| F|  |TAMS 0x0000000085900000, 0x0000000085900000| Untracked 
|  70|0x0000000085a00000, 0x0000000085b00000, 0x0000000085b00000|100%| S|CS|TAMS 0x0000000085a00000, 0x0000000085a00000| Complete 
|  71|0x0000000085b00000, 0x0000000085c00000, 0x0000000085c00000|100%| S|CS|TAMS 0x0000000085b00000, 0x0000000085b00000| Complete 
|  72|0x0000000085c00000, 0x0000000085d00000, 0x0000000085d00000|100%| S|CS|TAMS 0x0000000085c00000, 0x0000000085c00000| Complete 
|  73|0x0000000085d00000, 0x0000000085e00000, 0x0000000085e00000|100%| S|CS|TAMS 0x0000000085d00000, 0x0000000085d00000| Complete 
|  74|0x0000000085e00000, 0x0000000085f00000, 0x0000000085f00000|100%| S|CS|TAMS 0x0000000085e00000, 0x0000000085e00000| Complete 
|  75|0x0000000085f00000, 0x0000000086000000, 0x0000000086000000|100%| S|CS|TAMS 0x0000000085f00000, 0x0000000085f00000| Complete 
|  76|0x0000000086000000, 0x0000000086100000, 0x0000000086100000|100%| S|CS|TAMS 0x0000000086000000, 0x0000000086000000| Complete 
|  77|0x0000000086100000, 0x0000000086100000, 0x0000000086200000|  0%| F|  |TAMS 0x0000000086100000, 0x0000000086100000| Untracked 
|  78|0x0000000086200000, 0x0000000086200000, 0x0000000086300000|  0%| F|  |TAMS 0x0000000086200000, 0x0000000086200000| Untracked 
|  79|0x0000000086300000, 0x0000000086300000, 0x0000000086400000|  0%| F|  |TAMS 0x0000000086300000, 0x0000000086300000| Untracked 
|  80|0x0000000086400000, 0x0000000086400000, 0x0000000086500000|  0%| F|  |TAMS 0x0000000086400000, 0x0000000086400000| Untracked 
|  81|0x0000000086500000, 0x0000000086500000, 0x0000000086600000|  0%| F|  |TAMS 0x0000000086500000, 0x0000000086500000| Untracked 
|  82|0x0000000086600000, 0x0000000086600000, 0x0000000086700000|  0%| F|  |TAMS 0x0000000086600000, 0x0000000086600000| Untracked 
|  83|0x0000000086700000, 0x0000000086700000, 0x0000000086800000|  0%| F|  |TAMS 0x0000000086700000, 0x0000000086700000| Untracked 
|  84|0x0000000086800000, 0x0000000086800000, 0x0000000086900000|  0%| F|  |TAMS 0x0000000086800000, 0x0000000086800000| Untracked 
|  85|0x0000000086900000, 0x0000000086900000, 0x0000000086a00000|  0%| F|  |TAMS 0x0000000086900000, 0x0000000086900000| Untracked 
|  86|0x0000000086a00000, 0x0000000086a00000, 0x0000000086b00000|  0%| F|  |TAMS 0x0000000086a00000, 0x0000000086a00000| Untracked 
|  87|0x0000000086b00000, 0x0000000086b00000, 0x0000000086c00000|  0%| F|  |TAMS 0x0000000086b00000, 0x0000000086b00000| Untracked 
|  88|0x0000000086c00000, 0x0000000086c00000, 0x0000000086d00000|  0%| F|  |TAMS 0x0000000086c00000, 0x0000000086c00000| Untracked 
|  89|0x0000000086d00000, 0x0000000086d00000, 0x0000000086e00000|  0%| F|  |TAMS 0x0000000086d00000, 0x0000000086d00000| Untracked 
|  90|0x0000000086e00000, 0x0000000086e00000, 0x0000000086f00000|  0%| F|  |TAMS 0x0000000086e00000, 0x0000000086e00000| Untracked 
|  91|0x0000000086f00000, 0x0000000086f00000, 0x0000000087000000|  0%| F|  |TAMS 0x0000000086f00000, 0x0000000086f00000| Untracked 
|  92|0x0000000087000000, 0x0000000087000000, 0x0000000087100000|  0%| F|  |TAMS 0x0000000087000000, 0x0000000087000000| Untracked 
|  93|0x0000000087100000, 0x0000000087100000, 0x0000000087200000|  0%| F|  |TAMS 0x0000000087100000, 0x0000000087100000| Untracked 
|  94|0x0000000087200000, 0x0000000087200000, 0x0000000087300000|  0%| F|  |TAMS 0x0000000087200000, 0x0000000087200000| Untracked 
|  95|0x0000000087300000, 0x0000000087300000, 0x0000000087400000|  0%| F|  |TAMS 0x0000000087300000, 0x0000000087300000| Untracked 
|  96|0x0000000087400000, 0x0000000087400000, 0x0000000087500000|  0%| F|  |TAMS 0x0000000087400000, 0x0000000087400000| Untracked 
|  97|0x0000000087500000, 0x0000000087500000, 0x0000000087600000|  0%| F|  |TAMS 0x0000000087500000, 0x0000000087500000| Untracked 
|  98|0x0000000087600000, 0x0000000087600000, 0x0000000087700000|  0%| F|  |TAMS 0x0000000087600000, 0x0000000087600000| Untracked 
|  99|0x0000000087700000, 0x0000000087700000, 0x0000000087800000|  0%| F|  |TAMS 0x0000000087700000, 0x0000000087700000| Untracked 
| 100|0x0000000087800000, 0x0000000087800000, 0x0000000087900000|  0%| F|  |TAMS 0x0000000087800000, 0x0000000087800000| Untracked 
| 101|0x0000000087900000, 0x0000000087900000, 0x0000000087a00000|  0%| F|  |TAMS 0x0000000087900000, 0x0000000087900000| Untracked 
| 102|0x0000000087a00000, 0x0000000087a00000, 0x0000000087b00000|  0%| F|  |TAMS 0x0000000087a00000, 0x0000000087a00000| Untracked 
| 103|0x0000000087b00000, 0x0000000087b00000, 0x0000000087c00000|  0%| F|  |TAMS 0x0000000087b00000, 0x0000000087b00000| Untracked 
| 104|0x0000000087c00000, 0x0000000087c00000, 0x0000000087d00000|  0%| F|  |TAMS 0x0000000087c00000, 0x0000000087c00000| Untracked 
| 105|0x0000000087d00000, 0x0000000087d00000, 0x0000000087e00000|  0%| F|  |TAMS 0x0000000087d00000, 0x0000000087d00000| Untracked 
| 106|0x0000000087e00000, 0x0000000087e00000, 0x0000000087f00000|  0%| F|  |TAMS 0x0000000087e00000, 0x0000000087e00000| Untracked 
| 107|0x0000000087f00000, 0x0000000087f00000, 0x0000000088000000|  0%| F|  |TAMS 0x0000000087f00000, 0x0000000087f00000| Untracked 
| 108|0x0000000088000000, 0x0000000088000000, 0x0000000088100000|  0%| F|  |TAMS 0x0000000088000000, 0x0000000088000000| Untracked 
| 109|0x0000000088100000, 0x0000000088100000, 0x0000000088200000|  0%| F|  |TAMS 0x0000000088100000, 0x0000000088100000| Untracked 
| 110|0x0000000088200000, 0x0000000088200000, 0x0000000088300000|  0%| F|  |TAMS 0x0000000088200000, 0x0000000088200000| Untracked 
| 111|0x0000000088300000, 0x0000000088300000, 0x0000000088400000|  0%| F|  |TAMS 0x0000000088300000, 0x0000000088300000| Untracked 
| 112|0x0000000088400000, 0x0000000088400000, 0x0000000088500000|  0%| F|  |TAMS 0x0000000088400000, 0x0000000088400000| Untracked 
| 113|0x0000000088500000, 0x0000000088500000, 0x0000000088600000|  0%| F|  |TAMS 0x0000000088500000, 0x0000000088500000| Untracked 
| 114|0x0000000088600000, 0x0000000088600000, 0x0000000088700000|  0%| F|  |TAMS 0x0000000088600000, 0x0000000088600000| Untracked 
| 115|0x0000000088700000, 0x0000000088700000, 0x0000000088800000|  0%| F|  |TAMS 0x0000000088700000, 0x0000000088700000| Untracked 
| 116|0x0000000088800000, 0x0000000088800000, 0x0000000088900000|  0%| F|  |TAMS 0x0000000088800000, 0x0000000088800000| Untracked 
| 117|0x0000000088900000, 0x0000000088900000, 0x0000000088a00000|  0%| F|  |TAMS 0x0000000088900000, 0x0000000088900000| Untracked 
| 118|0x0000000088a00000, 0x0000000088a00000, 0x0000000088b00000|  0%| F|  |TAMS 0x0000000088a00000, 0x0000000088a00000| Untracked 
| 119|0x0000000088b00000, 0x0000000088b00000, 0x0000000088c00000|  0%| F|  |TAMS 0x0000000088b00000, 0x0000000088b00000| Untracked 
| 120|0x0000000088c00000, 0x0000000088c00000, 0x0000000088d00000|  0%| F|  |TAMS 0x0000000088c00000, 0x0000000088c00000| Untracked 
| 121|0x0000000088d00000, 0x0000000088d00000, 0x0000000088e00000|  0%| F|  |TAMS 0x0000000088d00000, 0x0000000088d00000| Untracked 
| 122|0x0000000088e00000, 0x0000000088e00000, 0x0000000088f00000|  0%| F|  |TAMS 0x0000000088e00000, 0x0000000088e00000| Untracked 
| 123|0x0000000088f00000, 0x0000000088f00000, 0x0000000089000000|  0%| F|  |TAMS 0x0000000088f00000, 0x0000000088f00000| Untracked 
| 124|0x0000000089000000, 0x0000000089000000, 0x0000000089100000|  0%| F|  |TAMS 0x0000000089000000, 0x0000000089000000| Untracked 
| 125|0x0000000089100000, 0x0000000089100000, 0x0000000089200000|  0%| F|  |TAMS 0x0000000089100000, 0x0000000089100000| Untracked 
| 126|0x0000000089200000, 0x0000000089200000, 0x0000000089300000|  0%| F|  |TAMS 0x0000000089200000, 0x0000000089200000| Untracked 
| 127|0x0000000089300000, 0x0000000089300000, 0x0000000089400000|  0%| F|  |TAMS 0x0000000089300000, 0x0000000089300000| Untracked 
| 128|0x0000000089400000, 0x0000000089400000, 0x0000000089500000|  0%| F|  |TAMS 0x0000000089400000, 0x0000000089400000| Untracked 
| 129|0x0000000089500000, 0x0000000089500000, 0x0000000089600000|  0%| F|  |TAMS 0x0000000089500000, 0x0000000089500000| Untracked 
| 130|0x0000000089600000, 0x0000000089600000, 0x0000000089700000|  0%| F|  |TAMS 0x0000000089600000, 0x0000000089600000| Untracked 
| 131|0x0000000089700000, 0x0000000089700000, 0x0000000089800000|  0%| F|  |TAMS 0x0000000089700000, 0x0000000089700000| Untracked 
| 132|0x0000000089800000, 0x0000000089800000, 0x0000000089900000|  0%| F|  |TAMS 0x0000000089800000, 0x0000000089800000| Untracked 
| 133|0x0000000089900000, 0x0000000089900000, 0x0000000089a00000|  0%| F|  |TAMS 0x0000000089900000, 0x0000000089900000| Untracked 
| 134|0x0000000089a00000, 0x0000000089a00000, 0x0000000089b00000|  0%| F|  |TAMS 0x0000000089a00000, 0x0000000089a00000| Untracked 
| 135|0x0000000089b00000, 0x0000000089b00000, 0x0000000089c00000|  0%| F|  |TAMS 0x0000000089b00000, 0x0000000089b00000| Untracked 
| 136|0x0000000089c00000, 0x0000000089c00000, 0x0000000089d00000|  0%| F|  |TAMS 0x0000000089c00000, 0x0000000089c00000| Untracked 
| 137|0x0000000089d00000, 0x0000000089d00000, 0x0000000089e00000|  0%| F|  |TAMS 0x0000000089d00000, 0x0000000089d00000| Untracked 
| 138|0x0000000089e00000, 0x0000000089e00000, 0x0000000089f00000|  0%| F|  |TAMS 0x0000000089e00000, 0x0000000089e00000| Untracked 
| 139|0x0000000089f00000, 0x0000000089f00000, 0x000000008a000000|  0%| F|  |TAMS 0x0000000089f00000, 0x0000000089f00000| Untracked 
| 140|0x000000008a000000, 0x000000008a000000, 0x000000008a100000|  0%| F|  |TAMS 0x000000008a000000, 0x000000008a000000| Untracked 
| 141|0x000000008a100000, 0x000000008a100000, 0x000000008a200000|  0%| F|  |TAMS 0x000000008a100000, 0x000000008a100000| Untracked 
| 142|0x000000008a200000, 0x000000008a200000, 0x000000008a300000|  0%| F|  |TAMS 0x000000008a200000, 0x000000008a200000| Untracked 
| 143|0x000000008a300000, 0x000000008a300000, 0x000000008a400000|  0%| F|  |TAMS 0x000000008a300000, 0x000000008a300000| Untracked 
| 144|0x000000008a400000, 0x000000008a400000, 0x000000008a500000|  0%| F|  |TAMS 0x000000008a400000, 0x000000008a400000| Untracked 
| 145|0x000000008a500000, 0x000000008a500000, 0x000000008a600000|  0%| F|  |TAMS 0x000000008a500000, 0x000000008a500000| Untracked 
| 146|0x000000008a600000, 0x000000008a600000, 0x000000008a700000|  0%| F|  |TAMS 0x000000008a600000, 0x000000008a600000| Untracked 
| 147|0x000000008a700000, 0x000000008a700000, 0x000000008a800000|  0%| F|  |TAMS 0x000000008a700000, 0x000000008a700000| Untracked 
| 148|0x000000008a800000, 0x000000008a800000, 0x000000008a900000|  0%| F|  |TAMS 0x000000008a800000, 0x000000008a800000| Untracked 
| 149|0x000000008a900000, 0x000000008a900000, 0x000000008aa00000|  0%| F|  |TAMS 0x000000008a900000, 0x000000008a900000| Untracked 
| 150|0x000000008aa00000, 0x000000008aa00000, 0x000000008ab00000|  0%| F|  |TAMS 0x000000008aa00000, 0x000000008aa00000| Untracked 
| 151|0x000000008ab00000, 0x000000008ab00000, 0x000000008ac00000|  0%| F|  |TAMS 0x000000008ab00000, 0x000000008ab00000| Untracked 
| 152|0x000000008ac00000, 0x000000008ac00000, 0x000000008ad00000|  0%| F|  |TAMS 0x000000008ac00000, 0x000000008ac00000| Untracked 
| 153|0x000000008ad00000, 0x000000008ae00000, 0x000000008ae00000|100%| E|  |TAMS 0x000000008ad00000, 0x000000008ad00000| Complete 
| 154|0x000000008ae00000, 0x000000008af00000, 0x000000008af00000|100%| E|CS|TAMS 0x000000008ae00000, 0x000000008ae00000| Complete 

Card table byte_map: [0x00000191648f0000,0x0000019164cf0000] _byte_map_base: 0x00000191644e6000

Marking Bits (Prev, Next): (CMBitMap*) 0x0000019151a2ed60, (CMBitMap*) 0x0000019151a2ed28
 Prev Bits: [0x00000191670a0000, 0x0000019169050000)
 Next Bits: [0x00000191650f0000, 0x00000191670a0000)

Polling page: 0x000001914f8c0000

Metaspace:

Usage:
  Non-class:     51.40 MB capacity,    51.05 MB (>99%) used,   267.91 KB ( <1%) free+waste,    84.44 KB ( <1%) overhead. 
      Class:      6.78 MB capacity,     6.56 MB ( 97%) used,   185.81 KB (  3%) free+waste,    35.00 KB ( <1%) overhead. 
       Both:     58.17 MB capacity,    57.61 MB (>99%) used,   453.72 KB ( <1%) free+waste,   119.44 KB ( <1%) overhead. 

Virtual space:
  Non-class space:       52.00 MB reserved,      51.50 MB (>99%) committed 
      Class space:        1.00 GB reserved,       6.88 MB ( <1%) committed 
             Both:        1.05 GB reserved,      58.38 MB (  5%) committed 

Chunk freelists:
   Non-Class:  40.00 KB
       Class:  6.00 KB
        Both:  46.00 KB

MaxMetaspaceSize: 17179869184.00 GB
CompressedClassSpaceSize: 1.00 GB
Initial GC threshold: 20.80 MB
Current GC threshold: 76.04 MB
CDS: off

CodeHeap 'non-profiled nmethods': size=120064Kb used=2627Kb max_used=2627Kb free=117437Kb
 bounds [0x000001915cfb0000, 0x000001915d250000, 0x00000191644f0000]
CodeHeap 'profiled nmethods': size=120000Kb used=14526Kb max_used=14526Kb free=105473Kb
 bounds [0x0000019155a80000, 0x00000191568b0000, 0x000001915cfb0000]
CodeHeap 'non-nmethods': size=5696Kb used=1328Kb max_used=1379Kb free=4367Kb
 bounds [0x00000191554f0000, 0x0000019155760000, 0x0000019155a80000]
 total_blobs=6515 nmethods=5901 adapters=525
 compilation: enabled
              stopped_count=0, restarted_count=0
 full_count=0

Compilation events (20 events):
Event: 8.575 Thread 0x000001916b569800 nmethod 5922 0x000001915688e310 code [0x000001915688e6c0, 0x000001915688fb88]
Event: 8.575 Thread 0x000001916b569800 5931       3       java.util.ArrayList::clear (43 bytes)
Event: 8.575 Thread 0x000001916b569800 nmethod 5931 0x0000019156890210 code [0x00000191568903e0, 0x0000019156890738]
Event: 8.575 Thread 0x000001916b569800 5925       3       org.jetbrains.kotlin.ir.types.impl.IrSimpleTypeImplKt::buildTypeProjection (48 bytes)
Event: 8.577 Thread 0x000001916b569800 nmethod 5925 0x0000019156890890 code [0x0000019156890be0, 0x0000019156891d58]
Event: 8.577 Thread 0x000001916b569800 5926       3       org.jetbrains.kotlin.idea.MainFunctionDetector$Companion::getJVMFunctionName (34 bytes)
Event: 8.578 Thread 0x000001916b569800 nmethod 5926 0x0000019156892390 code [0x00000191568925e0, 0x0000019156892d78]
Event: 8.578 Thread 0x000001916b569800 5927       3       org.jetbrains.kotlin.resolve.DescriptorUtils::getJvmName (17 bytes)
Event: 8.578 Thread 0x000001916b569800 nmethod 5927 0x0000019156893010 code [0x0000019156893220, 0x00000191568935e8]
Event: 8.578 Thread 0x000001916b569800 5928       3       org.jetbrains.kotlin.resolve.DescriptorUtils::getJvmName (64 bytes)
Event: 8.578 Thread 0x000001916b569800 nmethod 5928 0x0000019156893790 code [0x00000191568939c0, 0x0000019156894388]
Event: 8.578 Thread 0x000001916b569800 5929       3       org.jetbrains.kotlin.backend.common.serialization.mangle.descriptor.DescriptorExportCheckerVisitor::visitFunctionDescriptor (10 bytes)
Event: 8.579 Thread 0x000001916b569800 nmethod 5929 0x0000019156894590 code [0x0000019156894760, 0x00000191568949e8]
Event: 8.579 Thread 0x000001916b569800 5909       3       org.jetbrains.kotlin.ir.declarations.impl.IrFunctionImpl::getDescriptor (10 bytes)
Event: 8.579 Thread 0x000001916b569800 nmethod 5909 0x0000019156894a90 code [0x0000019156894c40, 0x0000019156894e08]
Event: 8.579 Thread 0x000001916b569800 5917       3       org.jetbrains.kotlin.types.FlexibleTypesKt::lowerIfFlexible (62 bytes)
Event: 8.580 Thread 0x000001916b569800 nmethod 5917 0x0000019156894f10 code [0x0000019156895180, 0x0000019156895cd8]
Event: 8.580 Thread 0x000001916b569800 5920       3       org.jetbrains.kotlin.ir.declarations.IrDeclarationBase::<init> (5 bytes)
Event: 8.580 Thread 0x000001916b569800 nmethod 5920 0x0000019156896010 code [0x00000191568961c0, 0x0000019156896378]
Event: 8.580 Thread 0x000001916b569800 5924       3       org.jetbrains.kotlin.ir.util.TypeTranslator::translateTypeAnnotations (239 bytes)

GC Heap History (14 events):
Event: 0.528 GC heap before
{Heap before GC invocations=0 (full 0):
 garbage-first heap   total 131072K, used 17408K [0x0000000081400000, 0x0000000100000000)
  region size 1024K, 14 young (14336K), 0 survivors (0K)
 Metaspace       used 9827K, capacity 9938K, committed 10112K, reserved 1058816K
  class space    used 842K, capacity 885K, committed 896K, reserved 1048576K
}
Event: 0.532 GC heap after
{Heap after GC invocations=1 (full 0):
 garbage-first heap   total 131072K, used 5219K [0x0000000081400000, 0x0000000100000000)
  region size 1024K, 2 young (2048K), 2 survivors (2048K)
 Metaspace       used 9827K, capacity 9938K, committed 10112K, reserved 1058816K
  class space    used 842K, capacity 885K, committed 896K, reserved 1048576K
}
Event: 1.461 GC heap before
{Heap before GC invocations=1 (full 0):
 garbage-first heap   total 131072K, used 49251K [0x0000000081400000, 0x0000000100000000)
  region size 1024K, 46 young (47104K), 2 survivors (2048K)
 Metaspace       used 20751K, capacity 20990K, committed 21248K, reserved 1069056K
  class space    used 2201K, capacity 2280K, committed 2304K, reserved 1048576K
}
Event: 1.476 GC heap after
{Heap after GC invocations=2 (full 0):
 garbage-first heap   total 131072K, used 9099K [0x0000000081400000, 0x0000000100000000)
  region size 1024K, 6 young (6144K), 6 survivors (6144K)
 Metaspace       used 20751K, capacity 20990K, committed 21248K, reserved 1069056K
  class space    used 2201K, capacity 2280K, committed 2304K, reserved 1048576K
}
Event: 2.667 GC heap before
{Heap before GC invocations=3 (full 0):
 garbage-first heap   total 131072K, used 61323K [0x0000000081400000, 0x0000000100000000)
  region size 1024K, 52 young (53248K), 6 survivors (6144K)
 Metaspace       used 31886K, capacity 32340K, committed 32384K, reserved 1077248K
  class space    used 3992K, capacity 4182K, committed 4224K, reserved 1048576K
}
Event: 2.690 GC heap after
{Heap after GC invocations=4 (full 0):
 garbage-first heap   total 131072K, used 20567K [0x0000000081400000, 0x0000000100000000)
  region size 1024K, 7 young (7168K), 7 survivors (7168K)
 Metaspace       used 31886K, capacity 32340K, committed 32384K, reserved 1077248K
  class space    used 3992K, capacity 4182K, committed 4224K, reserved 1048576K
}
Event: 3.091 GC heap before
{Heap before GC invocations=4 (full 0):
 garbage-first heap   total 131072K, used 34903K [0x0000000081400000, 0x0000000100000000)
  region size 1024K, 22 young (22528K), 7 survivors (7168K)
 Metaspace       used 35003K, capacity 35455K, committed 35584K, reserved 1081344K
  class space    used 4340K, capacity 4538K, committed 4608K, reserved 1048576K
}
Event: 3.107 GC heap after
{Heap after GC invocations=5 (full 0):
 garbage-first heap   total 131072K, used 19966K [0x0000000081400000, 0x0000000100000000)
  region size 1024K, 2 young (2048K), 2 survivors (2048K)
 Metaspace       used 35003K, capacity 35455K, committed 35584K, reserved 1081344K
  class space    used 4340K, capacity 4538K, committed 4608K, reserved 1048576K
}
Event: 4.821 GC heap before
{Heap before GC invocations=6 (full 0):
 garbage-first heap   total 131072K, used 79358K [0x0000000081400000, 0x0000000100000000)
  region size 1024K, 58 young (59392K), 2 survivors (2048K)
 Metaspace       used 45890K, capacity 46428K, committed 46720K, reserved 1089536K
  class space    used 5476K, capacity 5677K, committed 5760K, reserved 1048576K
}
Event: 4.850 GC heap after
{Heap after GC invocations=7 (full 0):
 garbage-first heap   total 158720K, used 28151K [0x0000000081400000, 0x0000000100000000)
  region size 1024K, 8 young (8192K), 8 survivors (8192K)
 Metaspace       used 45890K, capacity 46428K, committed 46720K, reserved 1089536K
  class space    used 5476K, capacity 5677K, committed 5760K, reserved 1048576K
}
Event: 6.568 GC heap before
{Heap before GC invocations=8 (full 0):
 garbage-first heap   total 158720K, used 96759K [0x0000000081400000, 0x0000000100000000)
  region size 1024K, 74 young (75776K), 8 survivors (8192K)
 Metaspace       used 49649K, capacity 50154K, committed 50304K, reserved 1093632K
  class space    used 5721K, capacity 5911K, committed 6016K, reserved 1048576K
}
Event: 6.601 GC heap after
{Heap after GC invocations=9 (full 0):
 garbage-first heap   total 158720K, used 36715K [0x0000000081400000, 0x0000000100000000)
  region size 1024K, 9 young (9216K), 9 survivors (9216K)
 Metaspace       used 49649K, capacity 50154K, committed 50304K, reserved 1093632K
  class space    used 5721K, capacity 5911K, committed 6016K, reserved 1048576K
}
Event: 8.500 GC heap before
{Heap before GC invocations=9 (full 0):
 garbage-first heap   total 158720K, used 107371K [0x0000000081400000, 0x0000000100000000)
  region size 1024K, 78 young (79872K), 9 survivors (9216K)
 Metaspace       used 58929K, capacity 59506K, committed 59776K, reserved 1101824K
  class space    used 6717K, capacity 6938K, committed 7040K, reserved 1048576K
}
Event: 8.534 GC heap after
{Heap after GC invocations=10 (full 0):
 garbage-first heap   total 158720K, used 44032K [0x0000000081400000, 0x0000000100000000)
  region size 1024K, 7 young (7168K), 7 survivors (7168K)
 Metaspace       used 58929K, capacity 59506K, committed 59776K, reserved 1101824K
  class space    used 6717K, capacity 6938K, committed 7040K, reserved 1048576K
}

Deoptimization events (20 events):
Event: 8.118 Thread 0x00000191519eb800 Uncommon trap: trap_request=0xffffffc6 fr.pc=0x000001915d1b7ca8 relative=0x0000000000000088
Event: 8.118 Thread 0x00000191519eb800 Uncommon trap: reason=bimorphic_or_optimized_type_check action=maybe_recompile pc=0x000001915d1b7ca8 method=org.jetbrains.kotlin.types.TypeConstructorSubstitution$Companion$createByConstructorsMap$1.isEmpty()Z @ 4 c2
Event: 8.118 Thread 0x00000191519eb800 DEOPT PACKING pc=0x000001915d1b7ca8 sp=0x00000049b5bfd6a0
Event: 8.118 Thread 0x00000191519eb800 DEOPT UNPACKING pc=0x000001915553a1af sp=0x00000049b5bfd628 mode 2
Event: 8.383 Thread 0x00000191519eb800 DEOPT PACKING pc=0x00000191567c19cf sp=0x00000049b5bfd770
Event: 8.383 Thread 0x00000191519eb800 DEOPT UNPACKING pc=0x000001915553a95e sp=0x00000049b5bfcbf8 mode 0
Event: 8.399 Thread 0x00000191519eb800 DEOPT PACKING pc=0x00000191567f1850 sp=0x00000049b5bfd8a0
Event: 8.399 Thread 0x00000191519eb800 DEOPT UNPACKING pc=0x000001915553a95e sp=0x00000049b5bfcd28 mode 0
Event: 8.423 Thread 0x00000191519eb800 DEOPT PACKING pc=0x00000191567f1850 sp=0x00000049b5bfd970
Event: 8.423 Thread 0x00000191519eb800 DEOPT UNPACKING pc=0x000001915553a95e sp=0x00000049b5bfcdf8 mode 0
Event: 8.435 Thread 0x00000191519eb800 DEOPT PACKING pc=0x00000191567f1850 sp=0x00000049b5bfd890
Event: 8.435 Thread 0x00000191519eb800 DEOPT UNPACKING pc=0x000001915553a95e sp=0x00000049b5bfcd18 mode 0
Event: 8.452 Thread 0x00000191519eb800 DEOPT PACKING pc=0x00000191567f1850 sp=0x00000049b5bfd8b0
Event: 8.452 Thread 0x00000191519eb800 DEOPT UNPACKING pc=0x000001915553a95e sp=0x00000049b5bfcd38 mode 0
Event: 8.539 Thread 0x00000191519eb800 DEOPT PACKING pc=0x00000191567f1850 sp=0x00000049b5bfd7d0
Event: 8.539 Thread 0x00000191519eb800 DEOPT UNPACKING pc=0x000001915553a95e sp=0x00000049b5bfcc58 mode 0
Event: 8.552 Thread 0x00000191519eb800 DEOPT PACKING pc=0x00000191567f1850 sp=0x00000049b5bfd8b0
Event: 8.552 Thread 0x00000191519eb800 DEOPT UNPACKING pc=0x000001915553a95e sp=0x00000049b5bfcd38 mode 0
Event: 8.566 Thread 0x00000191519eb800 DEOPT PACKING pc=0x00000191567f1850 sp=0x00000049b5bfd810
Event: 8.566 Thread 0x00000191519eb800 DEOPT UNPACKING pc=0x000001915553a95e sp=0x00000049b5bfcc98 mode 0

Classes redefined (0 events):
No events

Internal exceptions (20 events):
Event: 1.858 Thread 0x00000191519eb800 Exception <a 'sun/nio/fs/WindowsException'{0x00000000885bedc8}> (0x00000000885bedc8) thrown at [./src/hotspot/share/prims/jni.cpp, line 615]
Event: 1.858 Thread 0x00000191519eb800 Exception <a 'sun/nio/fs/WindowsException'{0x00000000885bf6d0}> (0x00000000885bf6d0) thrown at [./src/hotspot/share/prims/jni.cpp, line 615]
Event: 1.858 Thread 0x00000191519eb800 Exception <a 'sun/nio/fs/WindowsException'{0x00000000885c0008}> (0x00000000885c0008) thrown at [./src/hotspot/share/prims/jni.cpp, line 615]
Event: 1.860 Thread 0x00000191519eb800 Exception <a 'java/lang/NoSuchMethodError'{0x00000000885c6840}: 'void java.lang.invoke.DirectMethodHandle$Holder.invokeStatic(java.lang.Object, java.lang.Object, java.lang.Object, java.lang.Object)'> (0x00000000885c6840) thrown at [./src/hotspot/share/interpreter/linkResolver.cpp, line 773]
Event: 1.937 Thread 0x00000191519eb800 Exception <a 'java/lang/NoSuchMethodError'{0x00000000881a5038}: 'void java.lang.invoke.DirectMethodHandle$Holder.invokeStaticInit(java.lang.Object, java.lang.Object)'> (0x00000000881a5038) thrown at [./src/hotspot/share/interpreter/linkResolver.cpp, line 773]
Event: 2.055 Thread 0x00000191519eb800 Exception <a 'java/lang/NoSuchMethodError'{0x0000000087dc6bf8}: 'void java.lang.invoke.DirectMethodHandle$Holder.invokeVirtual(java.lang.Object, java.lang.Object)'> (0x0000000087dc6bf8) thrown at [./src/hotspot/share/interpreter/linkResolver.cpp, line 773]
Event: 2.065 Thread 0x00000191519eb800 Exception <a 'java/lang/NoSuchMethodError'{0x0000000087c39970}: 'int java.lang.invoke.DirectMethodHandle$Holder.invokeVirtual(java.lang.Object, java.lang.Object)'> (0x0000000087c39970) thrown at [./src/hotspot/share/interpreter/linkResolver.cpp, line 773]
Event: 2.938 Thread 0x00000191519eb800 Exception <a 'java/lang/NoSuchMethodError'{0x0000000088955c70}: 'java.lang.Object java.lang.invoke.DirectMethodHandle$Holder.invokeVirtual(java.lang.Object, java.lang.Object, java.lang.Object)'> (0x0000000088955c70) thrown at [./src/hotspot/share/interpreter/linkResolver.cpp, line 773]
Event: 4.288 Thread 0x00000191519eb800 Exception <a 'java/lang/NoSuchMethodError'{0x0000000086db3340}: 'java.lang.Object java.lang.invoke.DirectMethodHandle$Holder.invokeStatic(java.lang.Object, java.lang.Object, java.lang.Object, int)'> (0x0000000086db3340) thrown at [./src/hotspot/share/interpreter/linkResolver.cpp, line 773]
Event: 4.289 Thread 0x00000191519eb800 Exception <a 'java/lang/NoSuchMethodError'{0x0000000086db6fb0}: 'java.lang.Object java.lang.invoke.DirectMethodHandle$Holder.invokeSpecial(java.lang.Object, java.lang.Object, java.lang.Object, java.lang.Object, int)'> (0x0000000086db6fb0) thrown at [./src/hotspot/share/interpreter/linkResolver.cpp, line 773]
Event: 4.289 Thread 0x00000191519eb800 Exception <a 'java/lang/NoSuchMethodError'{0x0000000086dba2c0}: 'java.lang.Object java.lang.invoke.Invokers$Holder.linkToTargetMethod(java.lang.Object, java.lang.Object, int, java.lang.Object)'> (0x0000000086dba2c0) thrown at [./src/hotspot/share/interpreter/linkResolver.cpp, line 773]
Event: 4.487 Thread 0x00000191519eb800 Exception <a 'java/lang/NoSuchMethodError'{0x00000000865a0318}: 'java.lang.Object java.lang.invoke.Invokers$Holder.linkToTargetMethod(java.lang.Object, int, java.lang.Object)'> (0x00000000865a0318) thrown at [./src/hotspot/share/interpreter/linkResolver.cpp, line 773]
Event: 5.501 Thread 0x00000191519eb800 Exception <a 'java/lang/NoSuchMethodError'{0x0000000088a16240}: 'java.lang.Object java.lang.invoke.DirectMethodHandle$Holder.invokeStaticInit(java.lang.Object, java.lang.Object, java.lang.Object)'> (0x0000000088a16240) thrown at [./src/hotspot/share/interpreter/linkResolver.cpp, line 773]
Event: 7.076 Thread 0x00000191519eb800 Implicit null exception at 0x000001915d00e1de to 0x000001915d00e944
Event: 7.076 Thread 0x00000191519eb800 Implicit null exception at 0x000001915cff292f to 0x000001915cff299d
Event: 7.133 Thread 0x00000191519eb800 Exception <a 'java/lang/NoSuchMethodError'{0x00000000898e8eb8}: 'java.lang.Object java.lang.invoke.Invokers$Holder.linkToTargetMethod(java.lang.Object, java.lang.Object, java.lang.Object, java.lang.Object, java.lang.Object, java.lang.Object)'> (0x00000000898e8eb8) thrown at [./src/hotspot/share/interpreter/linkResolver.cpp, line 773]
Event: 7.538 Thread 0x00000191519eb800 Exception <a 'java/lang/NoSuchMethodError'{0x000000008884b210}: 'java.lang.Object java.lang.invoke.Invokers$Holder.linkToTargetMethod(java.lang.Object, java.lang.Object, java.lang.Object, int, int, java.lang.Object)'> (0x000000008884b210) thrown at [./src/hotspot/share/interpreter/linkResolver.cpp, line 773]
Event: 7.645 Thread 0x00000191519eb800 Implicit null exception at 0x000001915d1a7cbc to 0x000001915d1a8d80
Event: 7.790 Thread 0x00000191519eb800 Implicit null exception at 0x000001915d007ff5 to 0x000001915d0081bc
Event: 8.194 Thread 0x00000191519eb800 Exception <a 'java/lang/NoSuchMethodError'{0x0000000087050db0}: 'int java.lang.invoke.DirectMethodHandle$Holder.invokeStaticInit(java.lang.Object, java.lang.Object, java.lang.Object, java.lang.Object)'> (0x0000000087050db0) thrown at [./src/hotspot/share/interpreter/linkResolver.cpp, line 773]

Events (20 events):
Event: 8.458 loading class org/jetbrains/kotlin/ir/descriptors/IrBasedTypeParameterDescriptor
Event: 8.458 loading class org/jetbrains/kotlin/ir/descriptors/IrBasedTypeParameterDescriptor done
Event: 8.458 loading class org/jetbrains/kotlin/ir/descriptors/IrBasedDeclarationDescriptor
Event: 8.458 loading class org/jetbrains/kotlin/ir/descriptors/IrBasedDeclarationDescriptor done
Event: 8.459 Executing VM operation: Deoptimize
Event: 8.460 Executing VM operation: Deoptimize done
Event: 8.460 loading class org/jetbrains/kotlin/ir/util/OriginalDescriptorsKt
Event: 8.460 loading class org/jetbrains/kotlin/ir/util/OriginalDescriptorsKt done
Event: 8.460 loading class org/jetbrains/kotlin/ir/util/ScopedTypeParametersResolver
Event: 8.460 loading class org/jetbrains/kotlin/ir/util/ScopedTypeParametersResolver done
Event: 8.461 loading class org/jetbrains/kotlin/ir/util/TypeParametersResolver
Event: 8.461 loading class org/jetbrains/kotlin/ir/util/TypeParametersResolver done
Event: 8.464 loading class org/jetbrains/kotlin/ir/types/impl/IrStarProjectionImpl
Event: 8.464 loading class org/jetbrains/kotlin/ir/types/impl/IrStarProjectionImpl done
Event: 8.464 loading class org/jetbrains/kotlin/ir/types/IrStarProjection
Event: 8.464 loading class org/jetbrains/kotlin/ir/types/IrStarProjection done
Event: 8.496 loading class org/jetbrains/kotlin/types/FlexibleTypeBoundsChecker
Event: 8.496 loading class org/jetbrains/kotlin/types/FlexibleTypeBoundsChecker done
Event: 8.500 Executing VM operation: G1CollectForAllocation
Event: 8.534 Executing VM operation: G1CollectForAllocation done


Dynamic libraries:
0x00007ff69ef00000 - 0x00007ff69ef0a000 	F:\AndroidStudio\jre\bin\java.exe
0x00007ffa16b80000 - 0x00007ffa16d70000 	C:\Windows\SYSTEM32\ntdll.dll
0x00007ffa15470000 - 0x00007ffa15522000 	C:\Windows\System32\KERNEL32.DLL
0x00007ffa14990000 - 0x00007ffa14c33000 	C:\Windows\System32\KERNELBASE.dll
0x00007ffa13c90000 - 0x00007ffa13d8a000 	C:\Windows\System32\ucrtbase.dll
0x00007ff9fbc40000 - 0x00007ff9fbc57000 	F:\AndroidStudio\jre\bin\VCRUNTIME140.dll
0x00007ff9fbca0000 - 0x00007ff9fbcb9000 	F:\AndroidStudio\jre\bin\jli.dll
0x00007ffa155b0000 - 0x00007ffa15743000 	C:\Windows\System32\USER32.dll
0x00007ffa01e40000 - 0x00007ffa020c5000 	C:\Windows\WinSxS\amd64_microsoft.windows.common-controls_6595b64144ccf1df_6.0.18362.207_none_e6c5ae95130e4267\COMCTL32.dll
0x00007ffa14960000 - 0x00007ffa14981000 	C:\Windows\System32\win32u.dll
0x00007ffa15b00000 - 0x00007ffa15b26000 	C:\Windows\System32\GDI32.dll
0x00007ffa14ca0000 - 0x00007ffa14d3e000 	C:\Windows\System32\msvcrt.dll
0x00007ffa13f90000 - 0x00007ffa14124000 	C:\Windows\System32\gdi32full.dll
0x00007ffa13bf0000 - 0x00007ffa13c8e000 	C:\Windows\System32\msvcp_win.dll
0x00007ffa157c0000 - 0x00007ffa15af6000 	C:\Windows\System32\combase.dll
0x00007ffa15e80000 - 0x00007ffa15fa0000 	C:\Windows\System32\RPCRT4.dll
0x00007ffa13b10000 - 0x00007ffa13b91000 	C:\Windows\System32\bcryptPrimitives.dll
0x00007ffa16a40000 - 0x00007ffa16a6e000 	C:\Windows\System32\IMM32.DLL
0x00007ff9e7e20000 - 0x00007ff9e7ebd000 	F:\AndroidStudio\jre\bin\msvcp140.dll
0x00007ff9d1d40000 - 0x00007ff9d2825000 	F:\AndroidStudio\jre\bin\server\jvm.dll
0x00007ffa15300000 - 0x00007ffa153a3000 	C:\Windows\System32\ADVAPI32.dll
0x00007ffa16740000 - 0x00007ffa167d7000 	C:\Windows\System32\sechost.dll
0x00007ffa16050000 - 0x00007ffa16058000 	C:\Windows\System32\PSAPI.DLL
0x00007ff9fc540000 - 0x00007ff9fc549000 	C:\Windows\SYSTEM32\WSOCK32.dll
0x00007ffa11620000 - 0x00007ffa11644000 	C:\Windows\SYSTEM32\WINMM.dll
0x00007ffa15750000 - 0x00007ffa157bf000 	C:\Windows\System32\WS2_32.dll
0x00007ffa0b730000 - 0x00007ffa0b73a000 	C:\Windows\SYSTEM32\VERSION.dll
0x00007ffa111a0000 - 0x00007ffa111cd000 	C:\Windows\SYSTEM32\WINMMBASE.dll
0x00007ffa13ba0000 - 0x00007ffa13bea000 	C:\Windows\System32\cfgmgr32.dll
0x00007ffa13aa0000 - 0x00007ffa13ab1000 	C:\Windows\System32\kernel.appcore.dll
0x00007ffa0fb60000 - 0x00007ffa0fb71000 	F:\AndroidStudio\jre\bin\verify.dll
0x00007ffa123c0000 - 0x00007ffa125b4000 	C:\Windows\SYSTEM32\DBGHELP.DLL
0x00007ff9fbe70000 - 0x00007ff9fbe9a000 	C:\Windows\SYSTEM32\dbgcore.DLL
0x00007ffa0fac0000 - 0x00007ffa0fae9000 	F:\AndroidStudio\jre\bin\java.dll
0x00007ffa0fab0000 - 0x00007ffa0fabb000 	F:\AndroidStudio\jre\bin\jimage.dll
0x00007ffa00cf0000 - 0x00007ffa00d08000 	F:\AndroidStudio\jre\bin\zip.dll
0x00007ffa16060000 - 0x00007ffa16740000 	C:\Windows\System32\SHELL32.dll
0x00007ffa16990000 - 0x00007ffa16a39000 	C:\Windows\System32\shcore.dll
0x00007ffa141e0000 - 0x00007ffa1495b000 	C:\Windows\System32\windows.storage.dll
0x00007ffa13a80000 - 0x00007ffa13a9f000 	C:\Windows\System32\profapi.dll
0x00007ffa13ac0000 - 0x00007ffa13b0a000 	C:\Windows\System32\powrprof.dll
0x00007ffa13a50000 - 0x00007ffa13a60000 	C:\Windows\System32\UMPDC.dll
0x00007ffa153b0000 - 0x00007ffa15402000 	C:\Windows\System32\shlwapi.dll
0x00007ffa13f70000 - 0x00007ffa13f87000 	C:\Windows\System32\cryptsp.dll
0x00007ffa00cd0000 - 0x00007ffa00cea000 	F:\AndroidStudio\jre\bin\net.dll
0x00007ffa017b0000 - 0x00007ffa018a0000 	C:\Windows\SYSTEM32\WINHTTP.dll
0x00007ffa13260000 - 0x00007ffa132c7000 	C:\Windows\system32\mswsock.dll
0x00007ff9ffce0000 - 0x00007ff9ffcf4000 	F:\AndroidStudio\jre\bin\nio.dll

dbghelp: loaded successfully - version: 4.0.5 - missing functions: none
symbol engine: initialized successfully - sym options: 0x614 - pdb path: .;F:\AndroidStudio\jre\bin;C:\Windows\SYSTEM32;C:\Windows\WinSxS\amd64_microsoft.windows.common-controls_6595b64144ccf1df_6.0.18362.207_none_e6c5ae95130e4267;F:\AndroidStudio\jre\bin\server

VM Arguments:
java_command: org.jetbrains.kotlin.cli.jvm.K2JVMCompiler @F:\NeobisProjects\FigmaDoctor\app\build\20220928_14032684336456204896.compiler.options
java_class_path (initial): C:\Users\Sultan\.gradle\caches\modules-2\files-2.1\org.jetbrains.kotlin\kotlin-compiler-embeddable\1.6.10\88f2073f4020cdb83132cfe940ceb9a60aba54ea\kotlin-compiler-embeddable-1.6.10.jar;C:\Users\Sultan\.gradle\caches\modules-2\files-2.1\org.jetbrains.kotlin\kotlin-reflect\1.6.10\1cbe9c92c12a94eea200d23c2bbaedaf3daf5132\kotlin-reflect-1.6.10.jar;C:\Users\Sultan\.gradle\caches\modules-2\files-2.1\org.jetbrains.kotlin\kotlin-stdlib\1.6.10\b8af3fe6f1ca88526914929add63cf5e7c5049af\kotlin-stdlib-1.6.10.jar;C:\Users\Sultan\.gradle\caches\modules-2\files-2.1\org.jetbrains.kotlin\kotlin-script-runtime\1.6.10\d0a7ff2e2500ef497ed0214ae40ad3c8387a6164\kotlin-script-runtime-1.6.10.jar;C:\Users\Sultan\.gradle\caches\modules-2\files-2.1\org.jetbrains.kotlin\kotlin-daemon-embeddable\1.6.10\a56d79bcbea411fa6058e4ecffc2de73e742bd2a\kotlin-daemon-embeddable-1.6.10.jar;C:\Users\Sultan\.gradle\caches\modules-2\files-2.1\org.jetbrains.intellij.deps\trove4j\1.0.20181211\216c2e14b070f334479d800987affe4054cd563f\trove4j-1.0.20181211.jar;C:\Users\Sultan\.gradle\caches\modules-2\files-2.1\net.java.dev.jna\jna\5.6.0\330f2244e9030119ab3030fc3fededc86713d9cc\jna-5.6.0.jar;C:\Users\Sultan\.gradle\caches\modules-2\files-2.1\org.jetbrains\annotations\13.0\919f0dfe192fb4e063e7dacadee7f8bb9a2672a9\annotations-13.0.jar;C:\Users\Sultan\.gradle\caches\modules-2\files-2.1\org.jetbrains.kotlin\kotlin-stdlib-common\1.6.10\c118700e3a33c8a0d9adc920e9dec0831171925\kotlin-stdlib-common-1.6.10.jar
Launcher Type: SUN_STANDARD

[Global flags]
     intx CICompilerCount                          = 3                                         {product} {ergonomic}
     uint ConcGCThreads                            = 1                                         {product} {ergonomic}
     uint G1ConcRefinementThreads                  = 4                                         {product} {ergonomic}
   size_t G1HeapRegionSize                         = 1048576                                   {product} {ergonomic}
    uintx GCDrainStackTargetSize                   = 64                                        {product} {ergonomic}
   size_t InitialHeapSize                          = 134217728                                 {product} {ergonomic}
   size_t MarkStackSize                            = 4194304                                   {product} {ergonomic}
   size_t MaxHeapSize                              = 2126512128                                {product} {ergonomic}
   size_t MaxNewSize                               = 1275068416                                {product} {ergonomic}
   size_t MinHeapDeltaBytes                        = 1048576                                   {product} {ergonomic}
    uintx NonNMethodCodeHeapSize                   = 5830732                                {pd product} {ergonomic}
    uintx NonProfiledCodeHeapSize                  = 122913754                              {pd product} {ergonomic}
    uintx ProfiledCodeHeapSize                     = 122913754                              {pd product} {ergonomic}
    uintx ReservedCodeCacheSize                    = 251658240                              {pd product} {ergonomic}
     bool SegmentedCodeCache                       = true                                      {product} {ergonomic}
     bool UseCompressedClassPointers               = true                                 {lp64_product} {ergonomic}
     bool UseCompressedOops                        = true                                 {lp64_product} {ergonomic}
     bool UseG1GC                                  = true                                      {product} {ergonomic}
     bool UseLargePagesIndividualAllocation        = false                                  {pd product} {ergonomic}

Logging:
Log output configuration:
 #0: stdout all=warning uptime,level,tags
 #1: stderr all=off uptime,level,tags

Environment Variables:
JAVA_HOME=C:\Program Files\Java\jdk-18.0.2.1
PATH=C:\Program Files\Common Files\Oracle\Java\javapath;C:\Windows\system32;C:\Windows;C:\Windows\System32\Wbem;C:\Windows\System32\WindowsPowerShell\v1.0\;C:\Windows\System32\OpenSSH\;C:\Program Files\Java\jdk-18.0.2.1\bin;F:\Git\cmd;C:\Users\Sultan\AppData\Local\Microsoft\WindowsApps;;C:\Program Files\JetBrains\IntelliJ IDEA Community Edition 2022.2.1\bin;;F:\Microsoft VS Code\bin
USERNAME=Sultan
OS=Windows_NT
PROCESSOR_IDENTIFIER=Intel64 Family 6 Model 142 Stepping 10, GenuineIntel



---------------  S Y S T E M  ---------------

OS: Windows 10 , 64 bit Build 18362 (10.0.18362.86)
OS uptime: 0 days 21:17 hours

CPU:total 4 (initial active 4) (2 cores per cpu, 2 threads per core) family 6 model 142 stepping 10 microcode 0xb4, cmov, cx8, fxsr, mmx, sse, sse2, sse3, ssse3, sse4.1, sse4.2, popcnt, avx, avx2, aes, clmul, erms, 3dnowpref, lzcnt, ht, tsc, tscinvbit, bmi1, bmi2, adx, fma

Memory: 4k page, system-wide physical 8108M (1586M free)
TotalPageFile size 10156M (AvailPageFile size 6M)
current process WorkingSet (physical memory assigned to process): 317M, peak: 317M
current process commit charge ("private bytes"): 373M, peak: 378M

vm_info: OpenJDK 64-Bit Server VM (11.0.12+7-b1504.28-7817840) for windows-amd64 JRE (11.0.12+7-b1504.28-7817840), built on Oct 13 2021 22:12:33 by "builder" with MS VC++ 14.0 (VS2015)

END.
