#
# There is insufficient memory for the Java Runtime Environment to continue.
# Native memory allocation (mmap) failed to map 134217728 bytes for Failed to commit area from 0x0000000081400000 to 0x0000000089400000 of length 134217728.
# Possible reasons:
#   The system is out of physical RAM or swap space
#   The process is running with CompressedOops enabled, and the Java Heap may be blocking the growth of the native heap
# Possible solutions:
#   Reduce memory load on the system
#   Increase physical memory or swap space
#   Check if swap backing store is full
#   Decrease Java heap size (-Xmx/-Xms)
#   Decrease number of Java threads
#   Decrease Java thread stack sizes (-Xss)
#   Set larger code cache with -XX:ReservedCodeCacheSize=
# This output file may be truncated or incomplete.
#
#  Out of Memory Error (./src/hotspot/os/windows/os_windows.cpp:3521), pid=4756, tid=10156
#
# JRE version:  (11.0.12+7) (build )
# Java VM: OpenJDK 64-Bit Server VM (11.0.12+7-b1504.28-7817840, mixed mode, sharing, tiered, compressed oops, g1 gc, windows-amd64)
# No core dump will be written. Minidumps are not enabled by default on client versions of Windows
#

---------------  S U M M A R Y ------------

Command Line: git4idea.http.GitAskPassApp Username for 'https://github.com': 

Host: Intel(R) Core(TM) i3-7020U CPU @ 2.30GHz, 4 cores, 7G,  Windows 10 , 64 bit Build 18362 (10.0.18362.86)
Time: Wed Sep 28 17:27:01 2022 Oaio?aeuiay Acey (ceia) elapsed time: 0.058415 seconds (0d 0h 0m 0s)

---------------  T H R E A D  ---------------

Current thread (0x000001bce5279800):  JavaThread "Unknown thread" [_thread_in_vm, id=10156, stack(0x0000009076200000,0x0000009076300000)]

Stack: [0x0000009076200000,0x0000009076300000]
Native frames: (J=compiled Java code, j=interpreted, Vv=VM code, C=native code)
V  [jvm.dll+0x5fbcea]
V  [jvm.dll+0x731905]
V  [jvm.dll+0x732f1d]
V  [jvm.dll+0x7335d3]
V  [jvm.dll+0x247bf8]
V  [jvm.dll+0x5f90b4]
V  [jvm.dll+0x5edc85]
V  [jvm.dll+0x305aeb]
V  [jvm.dll+0x305a5a]
V  [jvm.dll+0x305932]
V  [jvm.dll+0x30a896]
V  [jvm.dll+0x353803]
V  [jvm.dll+0x353f06]
V  [jvm.dll+0x353903]
V  [jvm.dll+0x2e0678]
V  [jvm.dll+0x2e1827]
V  [jvm.dll+0x710037]
V  [jvm.dll+0x71182c]
V  [jvm.dll+0x360da9]
V  [jvm.dll+0x6f390e]
V  [jvm.dll+0x3c9723]
V  [jvm.dll+0x3cb9b1]
C  [jli.dll+0x536b]
C  [ucrtbase.dll+0x1d912]
C  [KERNEL32.DLL+0x17bd4]
C  [ntdll.dll+0x6ce71]


---------------  P R O C E S S  ---------------

Threads class SMR info:
_java_thread_list=0x000001bce3094010, length=0, elements={
}

Java Threads: ( => current thread )

Other Threads:
  0x000001bce5294000 GCTaskThread "GC Thread#0" [stack: 0x0000009076300000,0x0000009076400000] [id=2128]
  0x000001bce52c5000 ConcurrentGCThread "G1 Main Marker" [stack: 0x0000009076400000,0x0000009076500000] [id=2472]
  0x000001bce52c6800 ConcurrentGCThread "G1 Conc#0" [stack: 0x0000009076500000,0x0000009076600000] [id=3012]

[error occurred during error reporting (printing all threads), id 0xc0000005, EXCEPTION_ACCESS_VIOLATION (0xc0000005) at pc=0x00007ff9d2030be7]

VM state:not at safepoint (not fully initialized)

VM Mutex/Monitor currently owned by a thread:  ([mutex/lock_event])
[0x000001bce5276b10] Heap_lock - owner thread: 0x000001bce5279800

Heap address: 0x0000000081400000, size: 2028 MB, Compressed Oops mode: Non-zero based: 0x0000000081400000
Narrow klass base: 0x0000000000000000, Narrow klass shift: 0

GC Heap History (0 events):
No events

Deoptimization events (0 events):
No events

Classes redefined (0 events):
No events

Internal exceptions (0 events):
No events

Events (1 events):
Event: 0.006 Loaded shared library F:\AndroidStudio\jre\bin\zip.dll


Dynamic libraries:
0x00007ff69ef00000 - 0x00007ff69ef0a000 	F:\AndroidStudio\jre\bin\java.exe
0x00007ffa16b80000 - 0x00007ffa16d70000 	C:\Windows\SYSTEM32\ntdll.dll
0x00007ffa15470000 - 0x00007ffa15522000 	C:\Windows\System32\KERNEL32.DLL
0x00007ffa14990000 - 0x00007ffa14c33000 	C:\Windows\System32\KERNELBASE.dll
0x00007ffa13c90000 - 0x00007ffa13d8a000 	C:\Windows\System32\ucrtbase.dll
0x00007ff9fbc40000 - 0x00007ff9fbc57000 	F:\AndroidStudio\jre\bin\VCRUNTIME140.dll
0x00007ff9fbca0000 - 0x00007ff9fbcb9000 	F:\AndroidStudio\jre\bin\jli.dll
0x00007ffa155b0000 - 0x00007ffa15743000 	C:\Windows\System32\USER32.dll
0x00007ffa01e40000 - 0x00007ffa020c5000 	C:\Windows\WinSxS\amd64_microsoft.windows.common-controls_6595b64144ccf1df_6.0.18362.207_none_e6c5ae95130e4267\COMCTL32.dll
0x00007ffa14960000 - 0x00007ffa14981000 	C:\Windows\System32\win32u.dll
0x00007ffa14ca0000 - 0x00007ffa14d3e000 	C:\Windows\System32\msvcrt.dll
0x00007ffa15b00000 - 0x00007ffa15b26000 	C:\Windows\System32\GDI32.dll
0x00007ffa157c0000 - 0x00007ffa15af6000 	C:\Windows\System32\combase.dll
0x00007ffa15e80000 - 0x00007ffa15fa0000 	C:\Windows\System32\RPCRT4.dll
0x00007ffa13f90000 - 0x00007ffa14124000 	C:\Windows\System32\gdi32full.dll
0x00007ffa13b10000 - 0x00007ffa13b91000 	C:\Windows\System32\bcryptPrimitives.dll
0x00007ffa13bf0000 - 0x00007ffa13c8e000 	C:\Windows\System32\msvcp_win.dll
0x00007ffa16a40000 - 0x00007ffa16a6e000 	C:\Windows\System32\IMM32.DLL
0x00007ff9e7e20000 - 0x00007ff9e7ebd000 	F:\AndroidStudio\jre\bin\msvcp140.dll
0x00007ff9d1d40000 - 0x00007ff9d2825000 	F:\AndroidStudio\jre\bin\server\jvm.dll
0x00007ffa15300000 - 0x00007ffa153a3000 	C:\Windows\System32\ADVAPI32.dll
0x00007ffa16740000 - 0x00007ffa167d7000 	C:\Windows\System32\sechost.dll
0x00007ffa16050000 - 0x00007ffa16058000 	C:\Windows\System32\PSAPI.DLL
0x00007ff9fc540000 - 0x00007ff9fc549000 	C:\Windows\SYSTEM32\WSOCK32.dll
0x00007ffa15750000 - 0x00007ffa157bf000 	C:\Windows\System32\WS2_32.dll
0x00007ffa11620000 - 0x00007ffa11644000 	C:\Windows\SYSTEM32\WINMM.dll
0x00007ffa0b730000 - 0x00007ffa0b73a000 	C:\Windows\SYSTEM32\VERSION.dll
0x00007ffa111a0000 - 0x00007ffa111cd000 	C:\Windows\SYSTEM32\WINMMBASE.dll
0x00007ffa13ba0000 - 0x00007ffa13bea000 	C:\Windows\System32\cfgmgr32.dll
0x00007ffa13aa0000 - 0x00007ffa13ab1000 	C:\Windows\System32\kernel.appcore.dll
0x00007ffa0fb60000 - 0x00007ffa0fb71000 	F:\AndroidStudio\jre\bin\verify.dll
0x00007ffa123c0000 - 0x00007ffa125b4000 	C:\Windows\SYSTEM32\DBGHELP.DLL
0x00007ff9fbe70000 - 0x00007ff9fbe9a000 	C:\Windows\SYSTEM32\dbgcore.DLL
0x00007ffa0fac0000 - 0x00007ffa0fae9000 	F:\AndroidStudio\jre\bin\java.dll
0x00007ffa0fab0000 - 0x00007ffa0fabb000 	F:\AndroidStudio\jre\bin\jimage.dll
0x00007ffa00cf0000 - 0x00007ffa00d08000 	F:\AndroidStudio\jre\bin\zip.dll

dbghelp: loaded successfully - version: 4.0.5 - missing functions: none
symbol engine: initialized successfully - sym options: 0x614 - pdb path: .;F:\AndroidStudio\jre\bin;C:\Windows\SYSTEM32;C:\Windows\WinSxS\amd64_microsoft.windows.common-controls_6595b64144ccf1df_6.0.18362.207_none_e6c5ae95130e4267;F:\AndroidStudio\jre\bin\server

VM Arguments:
java_command: git4idea.http.GitAskPassApp Username for 'https://github.com': 
java_class_path (initial): F:/AndroidStudio/plugins/git4idea/lib/git4idea-rt.jar;F:/AndroidStudio/lib/xmlrpc-2.0.1.jar;F:/AndroidStudio/lib/commons-codec-1.15.jar
Launcher Type: SUN_STANDARD

[Global flags]
     intx CICompilerCount                          = 3                                         {product} {ergonomic}
     uint ConcGCThreads                            = 1                                         {product} {ergonomic}
     uint G1ConcRefinementThreads                  = 4                                         {product} {ergonomic}
   size_t G1HeapRegionSize                         = 1048576                                   {product} {ergonomic}
    uintx GCDrainStackTargetSize                   = 64                                        {product} {ergonomic}
   size_t InitialHeapSize                          = 134217728                                 {product} {ergonomic}
   size_t MarkStackSize                            = 4194304                                   {product} {ergonomic}
   size_t MaxHeapSize                              = 2126512128                                {product} {ergonomic}
   size_t MinHeapDeltaBytes                        = 1048576                                   {product} {ergonomic}
    uintx NonNMethodCodeHeapSize                   = 5830732                                {pd product} {ergonomic}
    uintx NonProfiledCodeHeapSize                  = 122913754                              {pd product} {ergonomic}
    uintx ProfiledCodeHeapSize                     = 122913754                              {pd product} {ergonomic}
    uintx ReservedCodeCacheSize                    = 251658240                              {pd product} {ergonomic}
     bool SegmentedCodeCache                       = true                                      {product} {ergonomic}
     bool UseCompressedClassPointers               = true                                 {lp64_product} {ergonomic}
     bool UseCompressedOops                        = true                                 {lp64_product} {ergonomic}
     bool UseG1GC                                  = true                                      {product} {ergonomic}
     bool UseLargePagesIndividualAllocation        = false                                  {pd product} {ergonomic}

Logging:
Log output configuration:
 #0: stdout all=warning uptime,level,tags
 #1: stderr all=off uptime,level,tags

Environment Variables:
JAVA_HOME=C:\Program Files\Java\jdk-18.0.2.1
PATH=F:\Git\mingw64\libexec\git-core;F:\Git\mingw64\libexec\git-core;F:\Git\mingw64\bin;F:\Git\usr\bin;C:\Users\Sultan\bin;C:\Program Files\Common Files\Oracle\Java\javapath;C:\Windows\system32;C:\Windows;C:\Windows\System32\Wbem;C:\Windows\System32\WindowsPowerShell\v1.0;C:\Windows\System32\OpenSSH;C:\Program Files\Java\jdk-18.0.2.1\bin;F:\Git\cmd;C:\Users\Sultan\AppData\Local\Microsoft\WindowsApps;C:\Program Files\JetBrains\IntelliJ IDEA Community Edition 2022.2.1\bin;F:\Microsoft VS Code\bin
USERNAME=Sultan
DISPLAY=:0.0
LC_ALL=en_US.UTF-8
OS=Windows_NT
PROCESSOR_IDENTIFIER=Intel64 Family 6 Model 142 Stepping 10, GenuineIntel



---------------  S Y S T E M  ---------------

OS: Windows 10 , 64 bit Build 18362 (10.0.18362.86)
OS uptime: 0 days 21:14 hours

CPU:total 4 (initial active 4) (2 cores per cpu, 2 threads per core) family 6 model 142 stepping 10 microcode 0xb4, cmov, cx8, fxsr, mmx, sse, sse2, sse3, ssse3, sse4.1, sse4.2, popcnt, avx, avx2, aes, clmul, erms, 3dnowpref, lzcnt, ht, tsc, tscinvbit, bmi1, bmi2, adx, fma

Memory: 4k page, system-wide physical 8108M (1764M free)
TotalPageFile size 10156M (AvailPageFile size 116M)
current process WorkingSet (physical memory assigned to process): 9M, peak: 9M
current process commit charge ("private bytes"): 51M, peak: 179M

vm_info: OpenJDK 64-Bit Server VM (11.0.12+7-b1504.28-7817840) for windows-amd64 JRE (11.0.12+7-b1504.28-7817840), built on Oct 13 2021 22:12:33 by "builder" with MS VC++ 14.0 (VS2015)

END.
